<?xml version="1.0" encoding="UTF-8"?>
<!-- Generated by org.testng.reporters.JUnitReportReporter -->
<testsuite hostname="Satyam" failures="0" tests="1" name="Runners.runner" time="10.650" errors="0" timestamp="2020-10-12T22:34:39 IST" skipped="0">
  <testcase classname="Runners.runner" name="runScenario" time="10.650"/>
  <system-out/>
</testsuite> <!-- Runners.runner -->
