<?xml version="1.0" encoding="UTF-8"?>
<!-- Generated by org.testng.reporters.JUnitReportReporter -->
<testsuite hostname="Satyam" failures="0" tests="1" name="Runners.runner" time="83.270" errors="0" timestamp="15 Oct 2020 17:14:01 GMT" skipped="0">
  <testcase classname="Runners.runner" name="runScenario" time="83.270"/>
</testsuite> <!-- Runners.runner -->
